CHTL Compilation Timer Log
Started: Wed Sep  3 07:12:09 AM UTC 2025
Command: bash scripts/linux/build_release.sh
Max Time: 300s
Max Memory: 2048MB

Time(s) | Memory(MB) | CPU(%) | Status
--------|-----------|--------|--------
      0 |         3 |    0.0 | Running
      2 |         3 |    0.0 | Running
      5 |         3 |    0.0 | Running
      7 |         3 |    0.0 | Running
      9 |         3 |    0.0 | Running
     11 |         3 |    0.0 | Running
     13 |         3 |    0.0 | Running
     16 |         3 |    0.0 | Running
     18 |         3 |    0.0 | Running
     20 |         3 |    0.0 | Running
     22 |         3 |    0.0 | Running
     24 |         3 |    0.0 | Running
     26 |         3 |    0.0 | Running
     29 |         3 |    0.0 | Running
     31 |         3 |    0.0 | Running
COMPLETED: Total time 33s, Exit status: 0
Finished: Wed Sep  3 07:12:42 AM UTC 2025
